<!DOCTYPE html PUBLIC "-//W3C//DTD XHTML 1.1//EN" "https://www.w3.org/TR/xhtml11/DTD/xhtml11.dtd">
<html xmlns="https://www.w3.org/1999/xhtml">
<head>
<meta http-equiv="content-type" content="text/html; charset=UTF-8"/>
<title>TestNG Report</title>
<style type="text/css">table {margin-bottom:10px;border-collapse:collapse;empty-cells:show}th,td {border:1px solid #009;padding:.25em .5em}th {vertical-align:bottom}td {vertical-align:top}table a {font-weight:bold}.stripe td {background-color: #E6EBF9}.num {text-align:right}.passedodd td {background-color: #3F3}.passedeven td {background-color: #0A0}.skippedodd td {background-color: #DDD}.skippedeven td {background-color: #CCC}.failedodd td,.attn {background-color: #F33}.failedeven td,.stripe .attn {background-color: #D00}.stacktrace {white-space:pre;font-family:monospace}.totop {font-size:85%;text-align:center;border-bottom:2px solid #000}.invisible {display:none}</style>
</head>
<body>
<table>
<tr><th>Test</th><th># Passed</th><th># Skipped</th><th># Retried</th><th># Failed</th><th>Time (ms)</th><th>Included Groups</th><th>Excluded Groups</th></tr>
<tr><th colspan="8">Surefire suite</th></tr>
<tr><td><a href="#t0">Surefire test</a></td><td class="num">0</td><td class="num attn">12</td><td class="num">0</td><td class="num">0</td><td class="num">72</td><td></td><td></td></tr>
</table>
<table id='summary'><thead><tr><th>Class</th><th>Method</th><th>Start</th><th>Time (ms)</th></tr></thead><tbody><tr><th colspan="4">Surefire suite</th></tr></tbody><tbody id="t0"><tr><th colspan="4">Surefire test &#8212; failed (configuration methods)</th></tr><tr class="failedeven"><td rowspan="1">Test.DialerAppTest</td><td><a href="#m0">setUp</a></td><td rowspan="1">1755606557081</td><td rowspan="1">-1755606557081</td></tr><tr><th colspan="4">Surefire test &#8212; skipped (configuration methods)</th></tr><tr class="skippedeven"><td rowspan="2">Test.DialerAppTest</td><td><a href="#m1">setUpPage</a></td><td rowspan="1">1755606557119</td><td rowspan="1">0</td></tr><tr class="skippedeven"><td><a href="#m2">tearDown</a></td><td rowspan="1">1755606557146</td><td rowspan="1">0</td></tr><tr class="skippedodd"><td rowspan="1">Test.WdioDemoTest</td><td><a href="#m3">setUpPage</a></td><td rowspan="1">1755606557134</td><td rowspan="1">0</td></tr><tr class="skippedeven"><td rowspan="1">Test.WorkingWithApiDemoTest</td><td><a href="#m4">setUpPage</a></td><td rowspan="1">1755606557136</td><td rowspan="1">0</td></tr><tr class="skippedodd"><td rowspan="1">Test.WorkingWithBrowserTest</td><td><a href="#m5">setUpPage</a></td><td rowspan="1">1755606557142</td><td rowspan="1">0</td></tr><tr class="skippedeven"><td rowspan="1">Test.WorkingWithGeneralStoreTest</td><td><a href="#m6">setUpPage</a></td><td rowspan="1">1755606557145</td><td rowspan="1">0</td></tr><tr><th colspan="4">Surefire test &#8212; skipped</th></tr><tr class="skippedeven"><td rowspan="2">Test.DialerAppTest</td><td><a href="#m7">performCall</a></td><td rowspan="1">1755606557129</td><td rowspan="1">0</td></tr><tr class="skippedeven"><td><a href="#m8">performDialerOperation</a></td><td rowspan="1">1755606557133</td><td rowspan="1">1</td></tr><tr class="skippedodd"><td rowspan="1">Test.WdioDemoTest</td><td><a href="#m9">dragAndDropOperationOnRobotPuzzle</a></td><td rowspan="1">1755606557135</td><td rowspan="1">0</td></tr><tr class="skippedeven"><td rowspan="5">Test.WorkingWithApiDemoTest</td><td><a href="#m10">dragDrop</a></td><td rowspan="1">1755606557141</td><td rowspan="1">0</td></tr><tr class="skippedeven"><td><a href="#m11">dropDownActionsTest</a></td><td rowspan="1">1755606557138</td><td rowspan="1">0</td></tr><tr class="skippedeven"><td><a href="#m12">interactWithHardwareKeys</a></td><td rowspan="1">1755606557141</td><td rowspan="1">0</td></tr><tr class="skippedeven"><td><a href="#m13">scrollSwitches</a></td><td rowspan="1">1755606557140</td><td rowspan="1">0</td></tr><tr class="skippedeven"><td><a href="#m14">simpleTextareaCheckBox</a></td><td rowspan="1">1755606557137</td><td rowspan="1">1</td></tr><tr class="skippedodd"><td rowspan="3">Test.WorkingWithBrowserTest</td><td><a href="#m15">alertsDemo</a></td><td rowspan="1">1755606557143</td><td rowspan="1">0</td></tr><tr class="skippedodd"><td><a href="#m16">demoRegisterTest</a></td><td rowspan="1">1755606557143</td><td rowspan="1">0</td></tr><tr class="skippedodd"><td><a href="#m17">performBrowserAction</a></td><td rowspan="1">1755606557143</td><td rowspan="1">2</td></tr><tr class="skippedeven"><td rowspan="1">Test.WorkingWithGeneralStoreTest</td><td><a href="#m18">basicActionOnGeneralStoreApp</a></td><td rowspan="1">1755606557146</td><td rowspan="1">0</td></tr></tbody>
</table>
<h2>Surefire test</h2><h3 id="m0">Test.DialerAppTest#setUp</h3><table class="result"><tr><th>Exception</th></tr><tr><td><div class="stacktrace">org.testng.TestNGException: 
Parameter &apos;deviceIndex&apos; is required by BeforeTest on method setUp but has not been marked @Optional or defined

... Removed 26 stack frames</div></td></tr></table><p class="totop"><a href="#summary">back to summary</a></p>
<h3 id="m1">Test.DialerAppTest#setUpPage</h3><table class="result"><tr><th class="invisible"/></tr></table><p class="totop"><a href="#summary">back to summary</a></p>
<h3 id="m2">Test.DialerAppTest#tearDown</h3><table class="result"><tr><th class="invisible"/></tr></table><p class="totop"><a href="#summary">back to summary</a></p>
<h3 id="m3">Test.WdioDemoTest#setUpPage</h3><table class="result"><tr><th class="invisible"/></tr></table><p class="totop"><a href="#summary">back to summary</a></p>
<h3 id="m4">Test.WorkingWithApiDemoTest#setUpPage</h3><table class="result"><tr><th class="invisible"/></tr></table><p class="totop"><a href="#summary">back to summary</a></p>
<h3 id="m5">Test.WorkingWithBrowserTest#setUpPage</h3><table class="result"><tr><th class="invisible"/></tr></table><p class="totop"><a href="#summary">back to summary</a></p>
<h3 id="m6">Test.WorkingWithGeneralStoreTest#setUpPage</h3><table class="result"><tr><th class="invisible"/></tr></table><p class="totop"><a href="#summary">back to summary</a></p>
<h3 id="m7">Test.DialerAppTest#performCall</h3><table class="result"><tr><th>Exception</th></tr><tr><td><div class="stacktrace">org.testng.TestNGException: 
Parameter &apos;deviceIndex&apos; is required by BeforeTest on method setUp but has not been marked @Optional or defined

... Removed 26 stack frames</div></td></tr></table><p class="totop"><a href="#summary">back to summary</a></p>
<h3 id="m8">Test.DialerAppTest#performDialerOperation</h3><table class="result"><tr><th>Exception</th></tr><tr><td><div class="stacktrace">org.testng.TestNGException: 
Parameter &apos;deviceIndex&apos; is required by BeforeTest on method setUp but has not been marked @Optional or defined

... Removed 26 stack frames</div></td></tr></table><p class="totop"><a href="#summary">back to summary</a></p>
<h3 id="m9">Test.WdioDemoTest#dragAndDropOperationOnRobotPuzzle</h3><table class="result"><tr><th>Exception</th></tr><tr><td><div class="stacktrace">org.testng.TestNGException: 
Parameter &apos;deviceIndex&apos; is required by BeforeTest on method setUp but has not been marked @Optional or defined

... Removed 26 stack frames</div></td></tr></table><p class="totop"><a href="#summary">back to summary</a></p>
<h3 id="m10">Test.WorkingWithApiDemoTest#dragDrop</h3><table class="result"><tr><th>Exception</th></tr><tr><td><div class="stacktrace">org.testng.TestNGException: 
Parameter &apos;deviceIndex&apos; is required by BeforeTest on method setUp but has not been marked @Optional or defined

... Removed 26 stack frames</div></td></tr></table><p class="totop"><a href="#summary">back to summary</a></p>
<h3 id="m11">Test.WorkingWithApiDemoTest#dropDownActionsTest</h3><table class="result"><tr><th>Exception</th></tr><tr><td><div class="stacktrace">org.testng.TestNGException: 
Parameter &apos;deviceIndex&apos; is required by BeforeTest on method setUp but has not been marked @Optional or defined

... Removed 26 stack frames</div></td></tr></table><p class="totop"><a href="#summary">back to summary</a></p>
<h3 id="m12">Test.WorkingWithApiDemoTest#interactWithHardwareKeys</h3><table class="result"><tr><th>Exception</th></tr><tr><td><div class="stacktrace">org.testng.TestNGException: 
Parameter &apos;deviceIndex&apos; is required by BeforeTest on method setUp but has not been marked @Optional or defined

... Removed 26 stack frames</div></td></tr></table><p class="totop"><a href="#summary">back to summary</a></p>
<h3 id="m13">Test.WorkingWithApiDemoTest#scrollSwitches</h3><table class="result"><tr><th>Exception</th></tr><tr><td><div class="stacktrace">org.testng.TestNGException: 
Parameter &apos;deviceIndex&apos; is required by BeforeTest on method setUp but has not been marked @Optional or defined

... Removed 26 stack frames</div></td></tr></table><p class="totop"><a href="#summary">back to summary</a></p>
<h3 id="m14">Test.WorkingWithApiDemoTest#simpleTextareaCheckBox</h3><table class="result"><tr><th>Exception</th></tr><tr><td><div class="stacktrace">org.testng.TestNGException: 
Parameter &apos;deviceIndex&apos; is required by BeforeTest on method setUp but has not been marked @Optional or defined

... Removed 26 stack frames</div></td></tr></table><p class="totop"><a href="#summary">back to summary</a></p>
<h3 id="m15">Test.WorkingWithBrowserTest#alertsDemo</h3><table class="result"><tr><th>Exception</th></tr><tr><td><div class="stacktrace">org.testng.TestNGException: 
Parameter &apos;deviceIndex&apos; is required by BeforeTest on method setUp but has not been marked @Optional or defined

... Removed 26 stack frames</div></td></tr></table><p class="totop"><a href="#summary">back to summary</a></p>
<h3 id="m16">Test.WorkingWithBrowserTest#demoRegisterTest</h3><table class="result"><tr><th>Exception</th></tr><tr><td><div class="stacktrace">org.testng.TestNGException: 
Parameter &apos;deviceIndex&apos; is required by BeforeTest on method setUp but has not been marked @Optional or defined

... Removed 26 stack frames</div></td></tr></table><p class="totop"><a href="#summary">back to summary</a></p>
<h3 id="m17">Test.WorkingWithBrowserTest#performBrowserAction</h3><table class="result"><tr><th>Exception</th></tr><tr><td><div class="stacktrace">org.testng.TestNGException: 
Parameter &apos;deviceIndex&apos; is required by BeforeTest on method setUp but has not been marked @Optional or defined

... Removed 26 stack frames</div></td></tr></table><p class="totop"><a href="#summary">back to summary</a></p>
<h3 id="m18">Test.WorkingWithGeneralStoreTest#basicActionOnGeneralStoreApp</h3><table class="result"><tr><th>Exception</th></tr><tr><td><div class="stacktrace">org.testng.TestNGException: 
Parameter &apos;deviceIndex&apos; is required by BeforeTest on method setUp but has not been marked @Optional or defined

... Removed 26 stack frames</div></td></tr></table><p class="totop"><a href="#summary">back to summary</a></p>
</body>
</html>
