-------------------------------------------------------------------------------
Test set: TestSuite
-------------------------------------------------------------------------------
Tests run: 19, Failures: 1, Errors: 0, Skipped: 18, Time elapsed: 0.819 s <<< FAILURE! - in TestSuite
setUp(Test.DialerAppTest)  Time elapsed: 0.55 s  <<< FAILURE!
org.testng.TestNGException: 

Parameter 'deviceIndex' is required by BeforeTest on method setUp but has not been marked @Optional or defined


